/home/pi/scripts/dopler/loop_detect7.py:37: RuntimeWarning: This channel is already in use, continuing anyway.  Use GPIO.setwarnings(False) to disable warnings.
  GPIO.setup(5, GPIO.OUT)           # set GPIO24 as an output
Aktualny, pocet povodny : 1 0
Aktualny, pocet povodny : 0 2
Traceback (most recent call last):
  File "/home/pi/scripts/dopler/loop_detect7.py", line 60, in <module>
    sleep(1)
KeyboardInterrupt
/home/pi/scripts/dopler/loop_detect7.py:37: RuntimeWarning: This channel is already in use, continuing anyway.  Use GPIO.setwarnings(False) to disable warnings.
  GPIO.setup(5, GPIO.OUT)           # set GPIO24 as an output
Cakam 4
Aktualny, pocet povodny : 1 1
Aktualny, pocet povodny : 0 1
Cakam 4
Cakam 3
Cakam 2
Cakam 1
Vypinam 0
Vypinam 0
Aktualny, pocet povodny : 1 6
Aktualny, pocet povodny : 0 0
Aktualny, pocet povodny : 1 0
Aktualny, pocet povodny : 0 0
Cakam 4
Cakam 3
Cakam 2
Cakam 1
Vypinam 0
Aktualny, pocet povodny : 1 5
Aktualny, pocet povodny : 0 0
Cakam 4
Cakam 3
Cakam 2
Cakam 1
Vypinam 0
Vypinam 0
Vypinam 0
Vypinam 0
Vypinam 0
Vypinam 0
Vypinam 0
Aktualny, pocet povodny : 1 11
Aktualny, pocet povodny : 0 0
Cakam 4
Cakam 3
Aktualny, pocet povodny : 1 2
Aktualny, pocet povodny : 0 0
Cakam 4
Cakam 3
Cakam 2
Cakam 1
Vypinam 0
Aktualny, pocet povodny : 1 5
Aktualny, pocet povodny : 0 0
Aktualny, pocet povodny : 1 0
Aktualny, pocet povodny : 0 2
Cakam 4
Cakam 3
Aktualny, pocet povodny : 1 2
Aktualny, pocet povodny : 0 0
Aktualny, pocet povodny : 1 0
Aktualny, pocet povodny : 0 0
Cakam 4
Cakam 3
Cakam 2
Cakam 1
Vypinam 0
Aktualny, pocet povodny : 1 5
Aktualny, pocet povodny : 0 2
Aktualny, pocet povodny : 1 0
Aktualny, pocet povodny : 0 9
Cakam 4
Cakam 3
Cakam 2
Cakam 1
Vypinam 0
Vypinam 0
Aktualny, pocet povodny : 1 6
Aktualny, pocet povodny : 0 0
Aktualny, pocet povodny : 1 0
Aktualny, pocet povodny : 0 0
Cakam 4
Cakam 3
Cakam 2
Aktualny, pocet povodny : 1 3
Aktualny, pocet povodny : 0 1
Cakam 4
Cakam 3
Cakam 2
Cakam 1
Vypinam 0
Vypinam 0
Vypinam 0
Vypinam 0
Vypinam 0
Vypinam 0
Vypinam 0
Vypinam 0
Vypinam 0
Vypinam 0
Vypinam 0
Vypinam 0
Vypinam 0
Vypinam 0
Aktualny, pocet povodny : 1 18
Aktualny, pocet povodny : 0 0
Cakam 4
Cakam 3
Cakam 2
Cakam 1
Vypinam 0
Vypinam 0
Aktualny, pocet povodny : 1 6
Aktualny, pocet povodny : 0 0
Cakam 4
Cakam 3
Cakam 2
Cakam 1
Vypinam 0
Vypinam 0
Vypinam 0
Vypinam 0
Vypinam 0
Vypinam 0
Vypinam 0
Aktualny, pocet povodny : 1 11
Aktualny, pocet povodny : 0 1
Aktualny, pocet povodny : 1 0
Aktualny, pocet povodny : 0 4
Cakam 4
Aktualny, pocet povodny : 1 1
Aktualny, pocet povodny : 0 1
Cakam 4
Aktualny, pocet povodny : 1 1
Aktualny, pocet povodny : 0 1
Cakam 4
Cakam 3
Cakam 2
Cakam 1
Vypinam 0
Aktualny, pocet povodny : 1 5
Aktualny, pocet povodny : 0 2
Cakam 4
Aktualny, pocet povodny : 1 1
Aktualny, pocet povodny : 0 1
Cakam 4
Aktualny, pocet povodny : 1 1
Aktualny, pocet povodny : 0 0
Aktualny, pocet povodny : 1 0
Aktualny, pocet povodny : 0 1
Cakam 4
Cakam 3
Cakam 2
Aktualny, pocet povodny : 1 3
Aktualny, pocet povodny : 0 0
Cakam 4
Cakam 3
Cakam 2
Cakam 1
Aktualny, pocet povodny : 1 4
Aktualny, pocet povodny : 0 2
Aktualny, pocet povodny : 1 0
Aktualny, pocet povodny : 0 0
Cakam 4
Cakam 3
Cakam 2
Cakam 1
Vypinam 0
Vypinam 0
Vypinam 0
Vypinam 0
Vypinam 0
Vypinam 0
Vypinam 0
Vypinam 0
Vypinam 0
Vypinam 0
Vypinam 0
Vypinam 0
Vypinam 0
Vypinam 0
Vypinam 0
Vypinam 0
Vypinam 0
Aktualny, pocet povodny : 1 21
Aktualny, pocet povodny : 0 0
Cakam 4
Cakam 3
Aktualny, pocet povodny : 1 2
Aktualny, pocet povodny : 0 0
Cakam 4
Cakam 3
Cakam 2
Cakam 1
Aktualny, pocet povodny : 1 4
Aktualny, pocet povodny : 0 0
Cakam 4
Cakam 3
Cakam 2
Cakam 1
Aktualny, pocet povodny : 1 4
Aktualny, pocet povodny : 0 3
Aktualny, pocet povodny : 1 0
Aktualny, pocet povodny : 0 2
Cakam 4
Aktualny, pocet povodny : 1 1
Aktualny, pocet povodny : 0 7
Cakam 4
Aktualny, pocet povodny : 1 1
Aktualny, pocet povodny : 0 7
Aktualny, pocet povodny : 1 0
Aktualny, pocet povodny : 0 5
Aktualny, pocet povodny : 1 0
Aktualny, pocet povodny : 0 4
Aktualny, pocet povodny : 1 0
Aktualny, pocet povodny : 0 9
Cakam 4
Aktualny, pocet povodny : 1 1
Aktualny, pocet povodny : 0 1
Cakam 4
Aktualny, pocet povodny : 1 1
Aktualny, pocet povodny : 0 4
Aktualny, pocet povodny : 1 0
Aktualny, pocet povodny : 0 1
Aktualny, pocet povodny : 1 0
Aktualny, pocet povodny : 0 11
Aktualny, pocet povodny : 1 0
Aktualny, pocet povodny : 0 2
Cakam 4
Cakam 3
Aktualny, pocet povodny : 1 2
Aktualny, pocet povodny : 0 0
Aktualny, pocet povodny : 1 0
Aktualny, pocet povodny : 0 3
Aktualny, pocet povodny : 1 0
Aktualny, pocet povodny : 0 3
Cakam 4
Cakam 3
Aktualny, pocet povodny : 1 2
Aktualny, pocet povodny : 0 0
Cakam 4
Cakam 3
Cakam 2
Cakam 1
Vypinam 0
Vypinam 0
Vypinam 0
Aktualny, p